2025-04-24T11:40:39+00:00 DEBUG POST: https://ads.tiktok.com/marketing_api/api/developer/app/create_auto_approve/

{"business_platform":"PROD","smb_id":"tt4b_woocommerce_680a23375fc68httplocalhost8888zenwp-admin","smb_name":"PROD","redirect_url":"http:\/\/localhost:8888\/zen\/wp-admin\/"}
 ajax: no
2025-04-24T11:40:40+00:00 DEBUG Tt4b_Mapi_Class::create_open_source_app: Response: 

HTTP/1.1 200 OK
Content-Type: application/json
X-Tt-Logid: 202504241140383D75FF1200884C543924,202504241140383D75FF1200884C543924
Strict-Transport-Security: max-age=31536000; includeSubDomains
x-tt-trace-host: 01f2c6c4ec77bef7fce095dc6414a9725595c8f4b79a41d627a4d156d9787f6c99b456f977b98686198e8cbd1cf98a54a65c9b827cafa4b40432492a1d081921acc0df08cd7b3bea948d78f765bdfbbe452dd69cdab9018315e14d81505ea91be988947b8356712a37cef944efbe0032e2
x-tt-trace-id: 00-2504241140383D75FF1200884C543924-64A378435671D7A1-00
Server: TLB
Content-Encoding: gzip
Content-Length: 208
X-Origin-Response-Time: 88,104.81.138.79
X-Akamai-Request-ID: 24266bb7.f3cd77de
Date: Thu, 24 Apr 2025 11:40:39 GMT
X-Cache: TCP_MISS from a104-94-100-158.deploy.akamaitechnologies.com (AkamaiGHost/22.1.0-4f1ef2e9a8e1a0c8be2b8a74a525c274) (-)
Connection: close
Vary: Accept-Encoding
X-Cache-Remote: TCP_MISS from a104-81-138-79.deploy.akamaitechnologies.com (AkamaiGHost/22.1.0-4f1ef2e9a8e1a0c8be2b8a74a525c274) (-)
x-tt-trace-tag: id=16;cdn-cache=miss;type=dyn
Server-Timing: cdn-cache; desc=MISS, edge; dur=273, origin; dur=88
Server-Timing: inner; dur=83
X-Parent-Response-Time: 347,104.94.100.158

{"code":0,"msg":"ok","data":{"redirect_uri":"http:\/\/localhost:8888\/zen\/wp-admin\/","app_secret":"d22fcc60d88014ac25b9d0463e5da48d0fe70be8","app_id":"7496843252117553153","external_data_key":"f4e32a2d-7bd7-4302-a909-f78077373969"}}
